17-06-2013 14:04:30 +02:00 : RPC call '/uprove/api/info/ServerInfo' started
17-06-2013 14:04:30 +02:00 : RPC call '/uprove/api/info/ServerInfo' ending.  Was running for '40' miliseconds
17-06-2013 14:05:54 +02:00 : RPC call '/uprove/api/info/ServerInfo'.  Was running for '28' miliseconds
17-06-2013 14:22:51 +02:00 : RPC call '/uprove/api/info/ServerInfo'. Was running for '40' miliseconds
17-06-2013 14:22:51 +02:00 : RPC call '/uprove/api/info/ServerInfo'. Was running for '40' miliseconds
17-06-2013 14:23:17 +02:00 : RPC call '/uprove/api/info/ServerInfo'. Was running for '0' miliseconds
17-06-2013 14:23:17 +02:00 : RPC call '/uprove/api/info/ServerInfo'. Was running for '0' miliseconds
17-06-2013 14:23:18 +02:00 : RPC call '/uprove/api/info/ServerInfo'. Was running for '0' miliseconds
17-06-2013 14:23:18 +02:00 : RPC call '/uprove/api/info/ServerInfo'. Was running for '0' miliseconds
17-06-2013 14:23:18 +02:00 : RPC call '/uprove/api/info/ServerInfo'. Was running for '0' miliseconds
17-06-2013 14:23:18 +02:00 : RPC call '/uprove/api/info/ServerInfo'. Was running for '0' miliseconds
17-06-2013 14:23:19 +02:00 : RPC call '/uprove/api/info/ServerInfo'. Was running for '0' miliseconds
17-06-2013 14:23:19 +02:00 : RPC call '/uprove/api/info/ServerInfo'. Was running for '0' miliseconds
17-06-2013 14:23:32 +02:00 : RPC call '/uprove/api/info/ServerInfo'. Was running for '0' miliseconds
17-06-2013 14:23:32 +02:00 : RPC call '/uprove/api/info/ServerInfo'. Was running for '0' miliseconds
17-06-2013 14:23:32 +02:00 : RPC call '/uprove/api/info/ServerInfo'. Was running for '0' miliseconds
17-06-2013 14:23:32 +02:00 : RPC call '/uprove/api/info/ServerInfo'. Was running for '0' miliseconds
17-06-2013 14:23:33 +02:00 : RPC call '/uprove/api/info/ServerInfo'. Was running for '0' miliseconds
17-06-2013 14:23:33 +02:00 : RPC call '/uprove/api/info/ServerInfo'. Was running for '0' miliseconds
17-06-2013 14:23:33 +02:00 : RPC call '/uprove/api/info/ServerInfo'. Was running for '0' miliseconds
17-06-2013 14:23:33 +02:00 : RPC call '/uprove/api/info/ServerInfo'. Was running for '0' miliseconds
17-06-2013 14:23:33 +02:00 : RPC call '/uprove/api/info/ServerInfo'. Was running for '0' miliseconds
17-06-2013 14:23:33 +02:00 : RPC call '/uprove/api/info/ServerInfo'. Was running for '0' miliseconds
17-06-2013 14:23:33 +02:00 : RPC call '/uprove/api/info/ServerInfo'. Was running for '0' miliseconds
17-06-2013 14:23:33 +02:00 : RPC call '/uprove/api/info/ServerInfo'. Was running for '0' miliseconds
17-06-2013 14:23:33 +02:00 : RPC call '/uprove/api/info/ServerInfo'. Was running for '0' miliseconds
17-06-2013 14:23:33 +02:00 : RPC call '/uprove/api/info/ServerInfo'. Was running for '0' miliseconds
17-06-2013 14:51:35 +02:00 : RPC call '/uprove/api/help'. Was running for '38' miliseconds
17-06-2013 14:51:35 +02:00 : RPC call '/uprove/api/help'. Was running for '38' miliseconds
17-06-2013 14:55:15 +02:00 : RPC call '/uprove/api/info/help'. Was running for '38' miliseconds
17-06-2013 14:55:15 +02:00 : RPC call '/uprove/api/info/help'. Was running for '38' miliseconds
17-06-2013 14:57:31 +02:00 : RPC call '/uprove/api/info/help'. Was running for '38' miliseconds
17-06-2013 14:57:31 +02:00 : RPC call '/uprove/api/info/help'. Was running for '38' miliseconds
17-06-2013 14:57:41 +02:00 : RPC call '/uprove/api/info/help/operations/ParameterSet'. Was running for '319' miliseconds
17-06-2013 14:57:41 +02:00 : RPC call '/uprove/api/info/help/operations/ParameterSet'. Was running for '319' miliseconds
17-06-2013 15:08:41 +02:00 : RPC call '/uprove/api/info/help'. Was running for '973' miliseconds
17-06-2013 15:08:41 +02:00 : RPC call '/uprove/api/info/help'. Was running for '973' miliseconds
17-06-2013 15:08:42 +02:00 : RPC call '/uprove/api/info/help/operations/ParameterSet'. Was running for '383' miliseconds
17-06-2013 15:08:42 +02:00 : RPC call '/uprove/api/info/help/operations/ParameterSet'. Was running for '383' miliseconds
17-06-2013 15:11:01 +02:00 : RPC call '/uprove/api/info/help'. Was running for '40' miliseconds
17-06-2013 15:11:01 +02:00 : RPC call '/uprove/api/info/help'. Was running for '40' miliseconds
17-06-2013 15:11:03 +02:00 : RPC call '/uprove/api/info/help/operations/ServerInfo'. Was running for '69' miliseconds
17-06-2013 15:11:03 +02:00 : RPC call '/uprove/api/info/help/operations/ServerInfo'. Was running for '69' miliseconds
17-06-2013 15:11:16 +02:00 : RPC call '/uprove/api/info/help/operations/GroupTypeMap'. Was running for '282' miliseconds
17-06-2013 15:11:16 +02:00 : RPC call '/uprove/api/info/help/operations/GroupTypeMap'. Was running for '282' miliseconds
17-06-2013 15:14:51 +02:00 : RPC call '/uprove/api/info/help'. Was running for '39' miliseconds
17-06-2013 15:14:51 +02:00 : RPC call '/uprove/api/info/help'. Was running for '39' miliseconds
17-06-2013 15:17:59 +02:00 : RPC call '/uprove/api/info/SupportedShaFunctions'. Was running for '32' miliseconds
17-06-2013 15:17:59 +02:00 : RPC call '/uprove/api/info/SupportedShaFunctions'. Was running for '32' miliseconds
17-06-2013 15:18:23 +02:00 : RPC call '/uprove/api/info/ParameterSet'. Was running for '4' miliseconds
17-06-2013 15:18:23 +02:00 : RPC call '/uprove/api/info/ParameterSet'. Was running for '4' miliseconds
17-06-2013 15:20:22 +02:00 : RPC call '/uprove/api/info/help'. Was running for '40' miliseconds
17-06-2013 15:20:22 +02:00 : RPC call '/uprove/api/info/help'. Was running for '40' miliseconds
17-06-2013 15:32:14 +02:00 : RPC call '/uprove/api/info/help'. Was running for '0' miliseconds
17-06-2013 15:32:14 +02:00 : RPC call '/uprove/api/info/help'. Was running for '0' miliseconds
17-06-2013 15:33:08 +02:00 : RPC call '/uprove/api/info/ParameterSet'. Was running for '45' miliseconds
17-06-2013 15:33:08 +02:00 : RPC call '/uprove/api/info/ParameterSet'. Was running for '45' miliseconds
17-06-2013 15:33:16 +02:00 : RPC call '/uprove/api/info/ParameterSet'. Was running for '0' miliseconds
17-06-2013 15:33:16 +02:00 : RPC call '/uprove/api/info/ParameterSet'. Was running for '0' miliseconds
18-06-2013 10:35:30 +02:00 : RPC call '/uprove/api/info/ParameterSet'. Was running for '28' miliseconds
18-06-2013 10:35:30 +02:00 : RPC call '/uprove/api/info/ParameterSet'. Was running for '28' miliseconds
18-06-2013 11:18:16 +02:00 : RPC call '/uprove/api/info/ParameterSet'. Was running for '29' miliseconds
18-06-2013 11:18:16 +02:00 : RPC call '/uprove/api/info/ParameterSet'. Was running for '29' miliseconds
19-06-2013 10:14:16 +02:00 : RPC call '/uprove/api/help'. Was running for '38' miliseconds
19-06-2013 10:14:16 +02:00 : RPC call '/uprove/api/help'. Was running for '38' miliseconds
19-06-2013 10:14:25 +02:00 : RPC call '/uprove/api/help/operations/IssuerSetupParameters'. Was running for '159' miliseconds
19-06-2013 10:14:25 +02:00 : RPC call '/uprove/api/help/operations/IssuerSetupParameters'. Was running for '159' miliseconds
19-06-2013 10:15:41 +02:00 : RPC call '/uprove/api/help/operations/IssuerSetupParameters'. Was running for '0' miliseconds
19-06-2013 10:15:41 +02:00 : RPC call '/uprove/api/help/operations/IssuerSetupParameters'. Was running for '0' miliseconds
19-06-2013 10:16:03 +02:00 : RPC call '/uprove/api/help'. Was running for '46' miliseconds
19-06-2013 10:16:03 +02:00 : RPC call '/uprove/api/help'. Was running for '46' miliseconds
19-06-2013 10:17:40 +02:00 : RPC call '/uprove/api/help'. Was running for '37' miliseconds
19-06-2013 10:17:40 +02:00 : RPC call '/uprove/api/help'. Was running for '37' miliseconds
19-06-2013 10:17:41 +02:00 : RPC call '/uprove/api/help/operations/IssuerSetupParameters'. Was running for '309' miliseconds
19-06-2013 10:17:41 +02:00 : RPC call '/uprove/api/help/operations/IssuerSetupParameters'. Was running for '309' miliseconds
19-06-2013 10:36:59 +02:00 : RPC call '/uprove/api/help'. Was running for '38' miliseconds
19-06-2013 10:36:59 +02:00 : RPC call '/uprove/api/help'. Was running for '38' miliseconds
19-06-2013 10:37:01 +02:00 : RPC call '/uprove/api/help/operations/IssuerSetupParameters'. Was running for '299' miliseconds
19-06-2013 10:37:01 +02:00 : RPC call '/uprove/api/help/operations/IssuerSetupParameters'. Was running for '299' miliseconds
19-06-2013 10:39:27 +02:00 : RPC call '/uprove/api/help'. Was running for '0' miliseconds
19-06-2013 10:39:27 +02:00 : RPC call '/uprove/api/help'. Was running for '0' miliseconds
19-06-2013 10:39:45 +02:00 : RPC call '/uprove/api/help/operations/IssuerSetupParameters'. Was running for '0' miliseconds
19-06-2013 10:39:45 +02:00 : RPC call '/uprove/api/help/operations/IssuerSetupParameters'. Was running for '0' miliseconds
19-06-2013 10:46:09 +02:00 : RPC call '/uprove/api/help/operations/IssuerSetupParameters'. Was running for '0' miliseconds
19-06-2013 10:46:09 +02:00 : RPC call '/uprove/api/help/operations/IssuerSetupParameters'. Was running for '0' miliseconds
19-06-2013 11:05:54 +02:00 : RPC call '/uprove/api/help'. Was running for '36' miliseconds
19-06-2013 11:05:54 +02:00 : RPC call '/uprove/api/help'. Was running for '36' miliseconds
19-06-2013 11:05:58 +02:00 : RPC call '/uprove/api/help/operations/ListIssuerSetupParameters'. Was running for '309' miliseconds
19-06-2013 11:05:58 +02:00 : RPC call '/uprove/api/help/operations/ListIssuerSetupParameters'. Was running for '309' miliseconds
19-06-2013 11:07:05 +02:00 : RPC call '/uprove/api/help/operations/CreateIssuerSetupParameters'. Was running for '18' miliseconds
19-06-2013 11:07:05 +02:00 : RPC call '/uprove/api/help/operations/CreateIssuerSetupParameters'. Was running for '18' miliseconds
19-06-2013 11:09:46 +02:00 : RPC call '/uprove/api/help'. Was running for '37' miliseconds
19-06-2013 11:09:46 +02:00 : RPC call '/uprove/api/help'. Was running for '37' miliseconds
19-06-2013 11:09:48 +02:00 : RPC call '/uprove/api/help/operations/CreateIssuerSetupParameters'. Was running for '368' miliseconds
19-06-2013 11:09:48 +02:00 : RPC call '/uprove/api/help/operations/CreateIssuerSetupParameters'. Was running for '368' miliseconds
19-06-2013 11:27:25 +02:00 : RPC call '/uprove/api/help'. Was running for '36' miliseconds
19-06-2013 11:27:25 +02:00 : RPC call '/uprove/api/help'. Was running for '36' miliseconds
19-06-2013 11:27:27 +02:00 : RPC call '/uprove/api/help/operations/CreateIssuerSetupParameters'. Was running for '335' miliseconds
19-06-2013 11:27:27 +02:00 : RPC call '/uprove/api/help/operations/CreateIssuerSetupParameters'. Was running for '335' miliseconds
20-06-2013 11:17:28 +02:00 : RPC call '/uprove/api/help'. Was running for '37' miliseconds
20-06-2013 11:17:28 +02:00 : RPC call '/uprove/api/help'. Was running for '37' miliseconds
20-06-2013 11:17:30 +02:00 : RPC call '/uprove/api/help/operations/CreateIssuerSetupParameters'. Was running for '310' miliseconds
20-06-2013 11:17:30 +02:00 : RPC call '/uprove/api/help/operations/CreateIssuerSetupParameters'. Was running for '310' miliseconds
20-06-2013 11:18:09 +02:00 : RPC call '/uprove/api/help/operations/ListIssuerSetupParameters'. Was running for '8' miliseconds
20-06-2013 11:18:09 +02:00 : RPC call '/uprove/api/help/operations/ListIssuerSetupParameters'. Was running for '8' miliseconds
20-06-2013 11:18:12 +02:00 : RPC call '/uprove/api/help/operations/CreateIssuerSetupParameters'. Was running for '0' miliseconds
20-06-2013 11:18:12 +02:00 : RPC call '/uprove/api/help/operations/CreateIssuerSetupParameters'. Was running for '0' miliseconds
27-06-2013 15:05:55 +02:00 : RPC call '/uprove/api/issuer/help'. Was running for '48' miliseconds
27-06-2013 15:05:55 +02:00 : RPC call '/uprove/api/issuer/help'. Was running for '48' miliseconds
27-06-2013 15:06:02 +02:00 : RPC call '/uprove/api/issuer/help/operations/ListIssuerSetupParameters'. Was running for '334' miliseconds
27-06-2013 15:06:02 +02:00 : RPC call '/uprove/api/issuer/help/operations/ListIssuerSetupParameters'. Was running for '334' miliseconds
27-06-2013 15:06:08 +02:00 : RPC call '/uprove/api/issuer/help/operations/CreateIssuerSetupParameters'. Was running for '7' miliseconds
27-06-2013 15:06:08 +02:00 : RPC call '/uprove/api/issuer/help/operations/CreateIssuerSetupParameters'. Was running for '7' miliseconds
01-07-2013 11:01:45 +02:00 : RPC call '/uprove/api/issuer/help'. Was running for '39' miliseconds
01-07-2013 11:01:45 +02:00 : RPC call '/uprove/api/issuer/help'. Was running for '39' miliseconds
01-07-2013 11:03:17 +02:00 : RPC call '/uprove/api/issuer/help/operations/GetIssuerSetupParameter'. Was running for '303' miliseconds
01-07-2013 11:03:17 +02:00 : RPC call '/uprove/api/issuer/help/operations/GetIssuerSetupParameter'. Was running for '303' miliseconds
01-07-2013 11:03:43 +02:00 : RPC call '/uprove/api/issuer/help/operations/GetIssuerSetupParameter'. Was running for '0' miliseconds
01-07-2013 11:03:43 +02:00 : RPC call '/uprove/api/issuer/help/operations/GetIssuerSetupParameter'. Was running for '0' miliseconds
01-07-2013 11:10:03 +02:00 : RPC call '/uprove/api/issuer/help'. Was running for '50' miliseconds
01-07-2013 11:10:03 +02:00 : RPC call '/uprove/api/issuer/help'. Was running for '50' miliseconds
01-07-2013 11:12:41 +02:00 : RPC call '/uprove/api/issuer/help'. Was running for '47' miliseconds
01-07-2013 11:12:41 +02:00 : RPC call '/uprove/api/issuer/help'. Was running for '47' miliseconds
01-07-2013 11:12:48 +02:00 : RPC call '/uprove/api/issuer/help/operations/CreateIssuerSetupParameters'. Was running for '292' miliseconds
01-07-2013 11:12:48 +02:00 : RPC call '/uprove/api/issuer/help/operations/CreateIssuerSetupParameters'. Was running for '292' miliseconds
01-07-2013 11:12:52 +02:00 : RPC call '/uprove/api/issuer/help/operations/DeleteIssuerSetupParameter'. Was running for '1' miliseconds
01-07-2013 11:12:52 +02:00 : RPC call '/uprove/api/issuer/help/operations/DeleteIssuerSetupParameter'. Was running for '1' miliseconds
01-07-2013 13:39:26 +02:00 : RPC call '/uprove/api/issuer/help'. Was running for '40' miliseconds
01-07-2013 13:39:26 +02:00 : RPC call '/uprove/api/issuer/help'. Was running for '40' miliseconds
01-07-2013 13:39:31 +02:00 : RPC call '/uprove/api/issuer/help/operations/FirstMessage'. Was running for '281' miliseconds
01-07-2013 13:39:31 +02:00 : RPC call '/uprove/api/issuer/help/operations/FirstMessage'. Was running for '281' miliseconds
01-07-2013 13:41:39 +02:00 : RPC call '/uprove/api/issuer/help/operations/FirstMessage'. Was running for '310' miliseconds
01-07-2013 13:41:39 +02:00 : RPC call '/uprove/api/issuer/help/operations/FirstMessage'. Was running for '310' miliseconds
01-07-2013 13:41:44 +02:00 : RPC call '/uprove/api/issuer/help'. Was running for '7' miliseconds
01-07-2013 13:41:44 +02:00 : RPC call '/uprove/api/issuer/help'. Was running for '7' miliseconds
01-07-2013 13:41:48 +02:00 : RPC call '/uprove/api/issuer/help/operations/FirstMessage'. Was running for '0' miliseconds
01-07-2013 13:41:48 +02:00 : RPC call '/uprove/api/issuer/help/operations/FirstMessage'. Was running for '0' miliseconds
01-07-2013 13:56:32 +02:00 : RPC call '/uprove/api/issuer/help/operations/FirstMessage'. Was running for '311' miliseconds
01-07-2013 13:56:32 +02:00 : RPC call '/uprove/api/issuer/help/operations/FirstMessage'. Was running for '311' miliseconds
01-07-2013 13:56:38 +02:00 : RPC call '/uprove/api/issuer/help'. Was running for '8' miliseconds
01-07-2013 13:56:38 +02:00 : RPC call '/uprove/api/issuer/help'. Was running for '8' miliseconds
01-07-2013 13:56:40 +02:00 : RPC call '/uprove/api/issuer/help/operations/FirstMessage'. Was running for '0' miliseconds
01-07-2013 13:56:40 +02:00 : RPC call '/uprove/api/issuer/help/operations/FirstMessage'. Was running for '0' miliseconds
01-07-2013 14:02:34 +02:00 : RPC call '/uprove/api/issuer/help/operations/FirstMessage'. Was running for '309' miliseconds
01-07-2013 14:02:34 +02:00 : RPC call '/uprove/api/issuer/help/operations/FirstMessage'. Was running for '309' miliseconds
12-07-2013 11:12:46 +02:00 : RPC call '/uprove/api/prover'. Was running for '48' miliseconds
12-07-2013 11:12:46 +02:00 : RPC call '/uprove/api/prover'. Was running for '48' miliseconds
12-07-2013 11:12:46 +02:00 : RPC call '/uprove/api/prover'. Was running for '48' miliseconds
12-07-2013 11:12:51 +02:00 : RPC call '/uprove/api/prover/help'. Was running for '9' miliseconds
12-07-2013 11:12:51 +02:00 : RPC call '/uprove/api/prover/help'. Was running for '9' miliseconds
12-07-2013 11:12:51 +02:00 : RPC call '/uprove/api/prover/help'. Was running for '9' miliseconds
12-07-2013 11:13:03 +02:00 : RPC call '/uprove/api/prover/help/operations/SecondMessage'. Was running for '271' miliseconds
12-07-2013 11:13:03 +02:00 : RPC call '/uprove/api/prover/help/operations/SecondMessage'. Was running for '271' miliseconds
12-07-2013 11:13:03 +02:00 : RPC call '/uprove/api/prover/help/operations/SecondMessage'. Was running for '271' miliseconds
12-07-2013 11:51:05 +02:00 : RPC call '/uprove/api/issuer/help'. Was running for '40' miliseconds
12-07-2013 11:51:05 +02:00 : RPC call '/uprove/api/issuer/help'. Was running for '40' miliseconds
12-07-2013 11:51:05 +02:00 : RPC call '/uprove/api/issuer/help'. Was running for '40' miliseconds
12-07-2013 11:51:09 +02:00 : RPC call '/uprove/api/issuer/help/operations/FirstMessage'. Was running for '280' miliseconds
12-07-2013 11:51:09 +02:00 : RPC call '/uprove/api/issuer/help/operations/FirstMessage'. Was running for '280' miliseconds
12-07-2013 11:51:09 +02:00 : RPC call '/uprove/api/issuer/help/operations/FirstMessage'. Was running for '280' miliseconds
12-07-2013 11:52:08 +02:00 : RPC call '/uprove/api/prover/help'. Was running for '0' miliseconds
12-07-2013 11:52:08 +02:00 : RPC call '/uprove/api/prover/help'. Was running for '0' miliseconds
12-07-2013 11:52:08 +02:00 : RPC call '/uprove/api/prover/help'. Was running for '0' miliseconds
12-07-2013 11:52:10 +02:00 : RPC call '/uprove/api/prover/help/operations/SecondMessage'. Was running for '13' miliseconds
12-07-2013 11:52:10 +02:00 : RPC call '/uprove/api/prover/help/operations/SecondMessage'. Was running for '13' miliseconds
12-07-2013 11:52:10 +02:00 : RPC call '/uprove/api/prover/help/operations/SecondMessage'. Was running for '13' miliseconds
12-07-2013 15:54:56 +02:00 : RPC call '/uprove/api/issuer/help'. Was running for '40' miliseconds
12-07-2013 15:54:56 +02:00 : RPC call '/uprove/api/issuer/help'. Was running for '40' miliseconds
12-07-2013 15:54:56 +02:00 : RPC call '/uprove/api/issuer/help'. Was running for '40' miliseconds
12-07-2013 15:55:01 +02:00 : RPC call '/uprove/api/issuer/help/operations/ThirdMessage'. Was running for '277' miliseconds
12-07-2013 15:55:01 +02:00 : RPC call '/uprove/api/issuer/help/operations/ThirdMessage'. Was running for '277' miliseconds
12-07-2013 15:55:01 +02:00 : RPC call '/uprove/api/issuer/help/operations/ThirdMessage'. Was running for '277' miliseconds
15-07-2013 11:26:47 +02:00 : RPC call '/uprove/api/issuer/help'. Was running for '33' miliseconds
15-07-2013 11:26:47 +02:00 : RPC call '/uprove/api/issuer/help'. Was running for '33' miliseconds
15-07-2013 11:26:47 +02:00 : RPC call '/uprove/api/issuer/help'. Was running for '33' miliseconds
15-07-2013 11:26:56 +02:00 : RPC call '/uprove/api/prover/help'. Was running for '0' miliseconds
15-07-2013 11:26:56 +02:00 : RPC call '/uprove/api/prover/help'. Was running for '0' miliseconds
15-07-2013 11:26:56 +02:00 : RPC call '/uprove/api/prover/help'. Was running for '0' miliseconds
15-07-2013 11:27:00 +02:00 : RPC call '/uprove/api/prover/help/operations/SecondMessage'. Was running for '324' miliseconds
15-07-2013 11:27:00 +02:00 : RPC call '/uprove/api/prover/help/operations/SecondMessage'. Was running for '324' miliseconds
15-07-2013 11:27:00 +02:00 : RPC call '/uprove/api/prover/help/operations/SecondMessage'. Was running for '324' miliseconds
16-07-2013 12:07:01 +02:00 : RPC call '/uprove/api/prover/help'. Was running for '148' miliseconds
16-07-2013 12:07:01 +02:00 : RPC call '/uprove/api/prover/help'. Was running for '148' miliseconds
16-07-2013 12:07:01 +02:00 : RPC call '/uprove/api/prover/help'. Was running for '148' miliseconds
16-07-2013 12:07:04 +02:00 : RPC call '/uprove/api/prover/help/operations/SecondMessage'. Was running for '108' miliseconds
16-07-2013 12:07:04 +02:00 : RPC call '/uprove/api/prover/help/operations/SecondMessage'. Was running for '108' miliseconds
16-07-2013 12:07:04 +02:00 : RPC call '/uprove/api/prover/help/operations/SecondMessage'. Was running for '108' miliseconds
16-07-2013 12:10:03 +02:00 : RPC call '/uprove/api/prover/contract'. Was running for '70' miliseconds
16-07-2013 12:10:03 +02:00 : RPC call '/uprove/api/prover/contract'. Was running for '70' miliseconds
16-07-2013 12:10:03 +02:00 : RPC call '/uprove/api/prover/contract'. Was running for '70' miliseconds
16-07-2013 12:10:06 +02:00 : RPC call '/uprove/api/prover/help'. Was running for '0' miliseconds
16-07-2013 12:10:06 +02:00 : RPC call '/uprove/api/prover/help'. Was running for '0' miliseconds
16-07-2013 12:10:06 +02:00 : RPC call '/uprove/api/prover/help'. Was running for '0' miliseconds
16-07-2013 12:10:11 +02:00 : RPC call '/uprove/api/prover/help/operations/GenerateTokens'. Was running for '1' miliseconds
16-07-2013 12:10:11 +02:00 : RPC call '/uprove/api/prover/help/operations/GenerateTokens'. Was running for '1' miliseconds
16-07-2013 12:10:11 +02:00 : RPC call '/uprove/api/prover/help/operations/GenerateTokens'. Was running for '1' miliseconds
16-07-2013 12:10:32 +02:00 : RPC call '/uprove/api/prover?wsdl'. Was running for '20' miliseconds
16-07-2013 12:10:32 +02:00 : RPC call '/uprove/api/prover?wsdl'. Was running for '20' miliseconds
16-07-2013 12:10:32 +02:00 : RPC call '/uprove/api/prover?wsdl'. Was running for '20' miliseconds
16-07-2013 12:10:38 +02:00 : RPC call '/uprove/api/prover'. Was running for '21' miliseconds
16-07-2013 12:10:38 +02:00 : RPC call '/uprove/api/prover'. Was running for '21' miliseconds
16-07-2013 12:10:38 +02:00 : RPC call '/uprove/api/prover'. Was running for '21' miliseconds
16-07-2013 12:10:41 +02:00 : RPC call '/uprove/api/prover/help'. Was running for '0' miliseconds
16-07-2013 12:10:41 +02:00 : RPC call '/uprove/api/prover/help'. Was running for '0' miliseconds
16-07-2013 12:10:41 +02:00 : RPC call '/uprove/api/prover/help'. Was running for '0' miliseconds
17-07-2013 11:17:22 +02:00 : RPC call '/uprove/api/issuer?wsdl'. Was running for '54' miliseconds
17-07-2013 11:17:22 +02:00 : RPC call '/uprove/api/issuer?wsdl'. Was running for '54' miliseconds
17-07-2013 11:17:22 +02:00 : RPC call '/uprove/api/issuer?wsdl'. Was running for '54' miliseconds
17-07-2013 11:17:46 +02:00 : RPC call '/uprove/api/issuer/help'. Was running for '15' miliseconds
17-07-2013 11:17:46 +02:00 : RPC call '/uprove/api/issuer/help'. Was running for '15' miliseconds
17-07-2013 11:17:46 +02:00 : RPC call '/uprove/api/issuer/help'. Was running for '15' miliseconds
17-07-2013 11:17:52 +02:00 : RPC call '/uprove/api/issuer/help?wsdl'. Was running for '0' miliseconds
17-07-2013 11:17:52 +02:00 : RPC call '/uprove/api/issuer/help?wsdl'. Was running for '0' miliseconds
17-07-2013 11:17:52 +02:00 : RPC call '/uprove/api/issuer/help?wsdl'. Was running for '0' miliseconds
17-07-2013 11:18:01 +02:00 : RPC call '/uprove/api/issuer?wsdl'. Was running for '8' miliseconds
17-07-2013 11:18:01 +02:00 : RPC call '/uprove/api/issuer?wsdl'. Was running for '8' miliseconds
17-07-2013 11:18:01 +02:00 : RPC call '/uprove/api/issuer?wsdl'. Was running for '8' miliseconds
